<?xml version="1.0" encoding="UTF-8"?>
<!-- Generated by org.testng.reporters.JUnitReportReporter -->
<testsuite hostname="FM-LAPTOP" failures="0" tests="8" name="execution.TestExecution" time="212.630" errors="0" timestamp="2025-05-02T10:17:59 BDT" skipped="0">
  <testcase classname="execution.TestExecution" name="LoginFunctionality" time="10.571"/>
  <testcase classname="execution.TestExecution" name="LoginNegativeFunctionality" time="9.588"/>
  <testcase classname="execution.TestExecution" name="AddToCart" time="34.205"/>
  <testcase classname="execution.TestExecution" name="CheckoutProcess" time="38.650"/>
  <testcase classname="execution.TestExecution" name="SortingProducts" time="51.459"/>
  <testcase classname="execution.TestExecution" name="LogoutFunctionality" time="16.585"/>
  <testcase classname="execution.TestExecution" name="LockedOutUser" time="8.694"/>
  <testcase classname="execution.TestExecution" name="CartBadgeCount" time="42.878"/>
</testsuite> <!-- execution.TestExecution -->
